<?xml version="1.0" encoding="UTF-8"?>
<!-- Generated by org.testng.reporters.JUnitXMLReporter -->
<testsuite ignored="0" hostname="Ronits-MacBook-Pro.local" failures="1" tests="1" name="IMDB-Wikipedia-Comparison-Test" time="31.728" errors="0" timestamp="2022-08-15T17:54:33 EDT">
  <testcase classname="com.ronittaleti.MainTestNG" name="imdbWikipediaAssertionTest" time="31.69">
    <failure type="java.lang.AssertionError" message="expected [April 22, 2022] but found [January 7, 2022]">
      <![CDATA[java.lang.AssertionError: expected [April 22, 2022] but found [January 7, 2022]
at com.ronittaleti.MainTestNG.imdbWikipediaAssertionTest(MainTestNG.java:94)
at java.base/java.util.ArrayList.forEach(ArrayList.java:1511)
at com.ronittaleti.MainTestNG.main(MainTestNG.java:58)
... Removed 30 stack frames]]>
    </failure>
  </testcase> <!-- imdbWikipediaAssertionTest -->
</testsuite> <!-- IMDB-Wikipedia-Comparison-Test -->
